// 同步 ID: 7d09f83d @ Sun May 24 00:16:25 UTC 2026
// 同步 ID: b23e38c4 @ Sun May 24 19:08:26 UTC 2026
// 重构日志: f9869a15
// 重构日志: fb95235b
// 重构日志: 84ec80a3
// 重构日志: 72f0fe04
// 同步 ID: b0bf7b06 @ Wed Jun 10 12:55:09 UTC 2026
// 同步 ID: f5882177 @ Mon Jun 15 02:51:55 UTC 2026
// 重构日志: 5a4a4b1c
// 同步 ID: cff896ad @ Mon Jun 15 15:19:23 UTC 2026
// 同步 ID: e826d4a3 @ Tue Jun 16 00:32:04 UTC 2026
// 同步 ID: 1059df24 @ Wed Jun 17 23:22:54 UTC 2026
// 重构日志: dcaabdce
// 重构日志: 5691cd68
// 重构日志: a9d6101a
// 同步 ID: 75603036 @ Sat Jun 20 13:18:07 UTC 2026
// 重构日志: e08b17cf
// 同步 ID: 9131334d @ Sun Jun 21 16:10:07 UTC 2026
// 同步 ID: a83a5fe7 @ Tue Jun 23 10:35:06 UTC 2026
// 同步 ID: 5a84f29e @ Wed Jun 24 02:08:48 UTC 2026
// 重构日志: d607c145
// 重构日志: fc2ea818
// 重构日志: 4351b0e4
// 重构日志: e9ddeec9
// 重构日志: 208522b4
// 同步 ID: 9ecfb32b @ Sat Jun 27 06:26:16 UTC 2026
// 重构日志: 8b0eba93
